<?xml version="1.0" encoding="utf-8"?><testsuites name="pytest tests"><testsuite name="pytest" errors="0" failures="0" skipped="0" tests="10" time="17.886" timestamp="2026-08-11T07:25:50.146834+00:00" hostname="agent-env-a17ce06a-8e5c-4c04-a2ef-5fc8578488ba"><testcase classname="tests.test_approval_flow.TestDriverApprovalFlow" name="test_driver_registration_returns_requires_approval" time="2.341" /><testcase classname="tests.test_approval_flow.TestAdminPendingEndpoints" name="test_pending_list_admin_only" time="3.172" /><testcase classname="tests.test_approval_flow.TestDriverApprovalFlow" name="test_passenger_registration_returns_token_immediately" time="1.031" /><testcase classname="tests.test_approval_flow.TestAdminPendingEndpoints" name="test_approve_driver_can_login" time="2.984" /><testcase classname="tests.test_approval_flow.TestDriverApprovalFlow" name="test_pending_driver_login_blocked_403" time="1.976" /><testcase classname="tests.test_approval_flow.TestAdminBatchDeletion" name="test_delete_driver_removes_all_trips_and_notifies" time="5.224" /><testcase classname="tests.test_approval_flow.TestAdminPendingEndpoints" name="test_reject_driver_login_blocked" time="2.460" /><testcase classname="tests.test_approval_flow.TestAuthGuardPending" name="test_me_with_pending_user_token_returns_403" time="1.998" /><testcase classname="tests.test_approval_flow.TestAdminBatchDeletion" name="test_delete_trip_notifies_confirmed_passengers" time="3.223" /><testcase classname="tests.test_approval_flow.TestImmediateTripDeletion" name="test_past_trip_is_deleted_on_list" time="1.624" /></testsuite></testsuites>